# JRE version: Java(TM) SE Runtime Environment (13.0.2+8) (build 13.0.2+8)
# Java VM: Java HotSpot(TM) 64-Bit Server VM (13.0.2+8, mixed mode, sharing, tiered, compressed oops, g1 gc, windows-amd64)
Heap:
 garbage-first heap   total 131072K, used 10099K [0x0000000081e00000, 0x0000000100000000)
  region size 1024K, 5 young (5120K), 5 survivors (5120K)
 Metaspace       used 19948K, capacity 20680K, committed 20736K, reserved 1075200K
  class space    used 2747K, capacity 3039K, committed 3072K, reserved 1048576K
GC Heap History (8 events):
Event: 0.473 GC heap before
{Heap before GC invocations=0 (full 0):
 garbage-first heap   total 131072K, used 13312K [0x0000000081e00000, 0x0000000100000000)
  region size 1024K, 14 young (14336K), 0 survivors (0K)
 Metaspace       used 5524K, capacity 5886K, committed 6144K, reserved 1056768K
  class space    used 670K, capacity 759K, committed 768K, reserved 1048576K
}
Event: 0.477 GC heap after
{Heap after GC invocations=1 (full 0):
 garbage-first heap   total 131072K, used 5186K [0x0000000081e00000, 0x0000000100000000)
  region size 1024K, 2 young (2048K), 2 survivors (2048K)
 Metaspace       used 5524K, capacity 5886K, committed 6144K, reserved 1056768K
  class space    used 670K, capacity 759K, committed 768K, reserved 1048576K
}
Event: 0.632 GC heap before
{Heap before GC invocations=1 (full 0):
 garbage-first heap   total 131072K, used 19522K [0x0000000081e00000, 0x0000000100000000)
  region size 1024K, 17 young (17408K), 2 survivors (2048K)
 Metaspace       used 8540K, capacity 8947K, committed 9216K, reserved 1056768K
  class space    used 1084K, capacity 1228K, committed 1280K, reserved 1048576K
}
Event: 0.635 GC heap after
{Heap after GC invocations=2 (full 0):
 garbage-first heap   total 131072K, used 6115K [0x0000000081e00000, 0x0000000100000000)
  region size 1024K, 1 young (1024K), 1 survivors (1024K)
 Metaspace       used 8540K, capacity 8947K, committed 9216K, reserved 1056768K
  class space    used 1084K, capacity 1228K, committed 1280K, reserved 1048576K
}
Event: 1.082 GC heap before
{Heap before GC invocations=2 (full 0):
 garbage-first heap   total 131072K, used 63459K [0x0000000081e00000, 0x0000000100000000)
  region size 1024K, 58 young (59392K), 1 survivors (1024K)
 Metaspace       used 16981K, capacity 17556K, committed 17664K, reserved 1064960K
  class space    used 2289K, capacity 2507K, committed 2560K, reserved 1048576K
}
Event: 1.090 GC heap after
{Heap after GC invocations=3 (full 0):
 garbage-first heap   total 131072K, used 8474K [0x0000000081e00000, 0x0000000100000000)
  region size 1024K, 4 young (4096K), 4 survivors (4096K)
 Metaspace       used 16981K, capacity 17556K, committed 17664K, reserved 1064960K
  class space    used 2289K, capacity 2507K, committed 2560K, reserved 1048576K
}
Event: 1.514 GC heap before
{Heap before GC invocations=3 (full 0):
 garbage-first heap   total 131072K, used 46362K [0x0000000081e00000, 0x0000000100000000)
  region size 1024K, 42 young (43008K), 4 survivors (4096K)
 Metaspace       used 19948K, capacity 20680K, committed 20736K, reserved 1073152K
  class space    used 2747K, capacity 3039K, committed 3072K, reserved 1048576K
}
Event: 1.522 GC heap after
{Heap after GC invocations=4 (full 0):
 garbage-first heap   total 131072K, used 10099K [0x0000000081e00000, 0x0000000100000000)
  region size 1024K, 5 young (5120K), 5 survivors (5120K)
 Metaspace       used 19948K, capacity 20680K, committed 20736K, reserved 1073152K
  class space    used 2747K, capacity 3039K, committed 3072K, reserved 1048576K
}

